<?xml version="1.0" encoding="UTF-8" ?>
<testsuite tests="7" failures="0" name="com.simple.DaoTest.UserDaoTest" time="7.073" errors="0" skipped="0">
  <properties>
    <property name="idea.version" value="2020.2.2"/>
    <property name="java.runtime.name" value="Java(TM) SE Runtime Environment"/>
    <property name="sun.boot.library.path" value="F:\Java\jre\bin"/>
    <property name="java.vm.version" value="25.201-b09"/>
    <property name="java.vm.vendor" value="Oracle Corporation"/>
    <property name="maven.multiModuleProjectDirectory" value="F:\MybatisDemo"/>
    <property name="java.vendor.url" value="http://java.oracle.com/"/>
    <property name="path.separator" value=";"/>
    <property name="guice.disable.misplaced.annotation.check" value="true"/>
    <property name="java.vm.name" value="Java HotSpot(TM) 64-Bit Server VM"/>
    <property name="file.encoding.pkg" value="sun.io"/>
    <property name="user.script" value=""/>
    <property name="user.country" value="CN"/>
    <property name="sun.java.launcher" value="SUN_STANDARD"/>
    <property name="sun.os.patch.level" value=""/>
    <property name="java.vm.specification.name" value="Java Virtual Machine Specification"/>
    <property name="user.dir" value="F:\MybatisDemo"/>
    <property name="java.runtime.version" value="1.8.0_201-b09"/>
    <property name="java.awt.graphicsenv" value="sun.awt.Win32GraphicsEnvironment"/>
    <property name="java.endorsed.dirs" value="F:\Java\jre\lib\endorsed"/>
    <property name="os.arch" value="amd64"/>
    <property name="java.io.tmpdir" value="C:\Users\24193\AppData\Local\Temp\"/>
    <property name="line.separator" value="
"/>
    <property name="java.vm.specification.vendor" value="Oracle Corporation"/>
    <property name="user.variant" value=""/>
    <property name="os.name" value="Windows 10"/>
    <property name="maven.ext.class.path" value="F:\IDEA\IntelliJ IDEA 2020.2.2\plugins\maven\lib\maven-event-listener.jar"/>
    <property name="classworlds.conf" value="F:\Maven\apache-maven-3.6.0\bin\m2.conf"/>
    <property name="sun.jnu.encoding" value="GBK"/>
    <property name="java.library.path" value="F:\Java\bin;C:\WINDOWS\Sun\Java\bin;C:\WINDOWS\system32;C:\WINDOWS;C:\WINDOWS\system32;C:\WINDOWS;C:\WINDOWS\System32\Wbem;C:\WINDOWS\System32\WindowsPowerShell\v1.0\;C:\WINDOWS\System32\OpenSSH\;F:\Java\bin;F:\Java\jre\bin;F:\apache-tomcat-9.0.36-windows-x64\apache-tomcat-9.0.36\lib;F:\apache-tomcat-9.0.36-windows-x64\apache-tomcat-9.0.36\bin;F:\MySQL\mysql-5.7.32-winx64\bin;F:\Maven\apache-maven-3.6.0\bin;F:\Go\bin;F:\xsheel\;F:\Xftp\;F:\Git\bin;F:\GitClient\bin;F:\Nodejs\;F:\Nodejs\node_global;F:\Gradle\gradle-5.2.1\bin;C:\Users\24193\AppData\Local\Microsoft\WindowsApps;;C:\Users\24193\AppData\Local\Programs\Microsoft VS Code\bin;C:\Users\24193\AppData\Roaming\npm;."/>
    <property name="maven.conf" value="F:\Maven\apache-maven-3.6.0/conf"/>
    <property name="java.specification.name" value="Java Platform API Specification"/>
    <property name="java.class.version" value="52.0"/>
    <property name="sun.management.compiler" value="HotSpot 64-Bit Tiered Compilers"/>
    <property name="maven.repo.local" value="F:\Maven\LocalWarehouse"/>
    <property name="os.version" value="10.0"/>
    <property name="user.home" value="C:\Users\24193"/>
    <property name="user.timezone" value="Asia/Shanghai"/>
    <property name="java.awt.printerjob" value="sun.awt.windows.WPrinterJob"/>
    <property name="java.specification.version" value="1.8"/>
    <property name="file.encoding" value="UTF-8"/>
    <property name="user.name" value="24193"/>
    <property name="java.class.path" value="F:\Maven\apache-maven-3.6.0\boot\plexus-classworlds-2.5.2.jar;F:\IDEA\IntelliJ IDEA 2020.2.2\lib\idea_rt.jar"/>
    <property name="java.vm.specification.version" value="1.8"/>
    <property name="sun.arch.data.model" value="64"/>
    <property name="java.home" value="F:\Java\jre"/>
    <property name="sun.java.command" value="org.codehaus.classworlds.Launcher -Didea.version=2020.2.2 -s F:\Maven\apache-maven-3.6.0\conf\settings.xml -Dmaven.repo.local=F:\Maven\LocalWarehouse install"/>
    <property name="java.specification.vendor" value="Oracle Corporation"/>
    <property name="user.language" value="zh"/>
    <property name="awt.toolkit" value="sun.awt.windows.WToolkit"/>
    <property name="java.vm.info" value="mixed mode"/>
    <property name="java.version" value="1.8.0_201"/>
    <property name="java.ext.dirs" value="F:\Java\jre\lib\ext;C:\WINDOWS\Sun\Java\lib\ext"/>
    <property name="sun.boot.class.path" value="F:\Java\jre\lib\resources.jar;F:\Java\jre\lib\rt.jar;F:\Java\jre\lib\sunrsasign.jar;F:\Java\jre\lib\jsse.jar;F:\Java\jre\lib\jce.jar;F:\Java\jre\lib\charsets.jar;F:\Java\jre\lib\jfr.jar;F:\Java\jre\classes"/>
    <property name="java.vendor" value="Oracle Corporation"/>
    <property name="maven.home" value="F:\Maven\apache-maven-3.6.0"/>
    <property name="file.separator" value="\"/>
    <property name="java.vendor.url.bug" value="http://bugreport.sun.com/bugreport/"/>
    <property name="sun.cpu.endian" value="little"/>
    <property name="sun.io.unicode.encoding" value="UnicodeLittle"/>
    <property name="sun.desktop" value="windows"/>
    <property name="sun.cpu.isalist" value="amd64"/>
  </properties>
  <testcase classname="com.simple.DaoTest.UserDaoTest" name="addUser2" time="6.821"/>
  <testcase classname="com.simple.DaoTest.UserDaoTest" name="addUser" time="0.078"/>
  <testcase classname="com.simple.DaoTest.UserDaoTest" name="updateUser" time="0.089"/>
  <testcase classname="com.simple.DaoTest.UserDaoTest" name="test" time="0.03"/>
  <testcase classname="com.simple.DaoTest.UserDaoTest" name="deleteUser" time="0.047"/>
  <testcase classname="com.simple.DaoTest.UserDaoTest" name="getUserById" time="0.004"/>
  <testcase classname="com.simple.DaoTest.UserDaoTest" name="getUserLike" time="0.004"/>
</testsuite>